<?xml version="1.0" encoding="UTF-8"?>
<testsuite xmlns:xsi="http://www.w3.org/2001/XMLSchema-instance" xsi:noNamespaceSchemaLocation="https://maven.apache.org/surefire/maven-surefire-plugin/xsd/surefire-test-report-3.0.xsd" version="3.0" name="TestSuite" time="3.397" tests="1" errors="0" skipped="0" failures="0">
  <properties>
[...]
</properties>
  <testcase name="loginTest" classname="com.api.test.LoginAPITestMuchBetter" time="1.963">
    <system-out><![CDATA[09:25:14.388 [main] INFO  com.api.listeners.TestListener - Started loginTest
09:25:14.394 [main] INFO  com.api.listeners.TestListener - Description loginTest
09:25:15.733 [main] INFO  com.api.filters.LoggingFilter - BASE_URI http://64.227.160.186:8080
09:25:15.733 [main] INFO  com.api.filters.LoggingFilter - Request Header Accept=*/*
Content-Type=application/json
09:25:15.733 [main] INFO  com.api.filters.LoggingFilter - Request Body {"username":"uday1234","password":"uday12345"}
09:25:16.274 [main] INFO  com.api.filters.LoggingFilter - STATUS_CODE 200
09:25:16.303 [main] INFO  com.api.filters.LoggingFilter - Response Body {
    "token": "eyJhbGciOiJIUzI1NiJ9.eyJzdWIiOiJ1ZGF5MTIzNCIsImlhdCI6MTc0MDg4NzcxNywiZXhwIjoxNzQwODkxMzE3fQ.5qIBqvz11xs9KLpYcNtsr5LAlmeC9LfhOOhGiaLMXe8",
    "type": "Bearer",
    "id": 1,
    "username": "uday1234",
    "email": "disha1234@gmail.com",
    "roles": [
        "ROLE_USER"
    ]
}
09:25:16.303 [main] INFO  com.api.filters.LoggingFilter - Response Header Vary=Origin
Vary=Access-Control-Request-Method
Vary=Access-Control-Request-Headers
Access-Control-Allow-Origin=https://swift.techwithjatin.com
Access-Control-Allow-Methods=GET, POST, PUT, DELETE, OPTIONS
Access-Control-Max-Age=3600
Access-Control-Allow-Headers=Authorization, Content-Type, Accept
Access-Control-Allow-Credentials=true
X-Content-Type-Options=nosniff
X-XSS-Protection=0
Cache-Control=no-cache, no-store, max-age=0, must-revalidate
Pragma=no-cache
Expires=0
X-Frame-Options=DENY
Content-Type=application/json
Transfer-Encoding=chunked
Date=Sun, 02 Mar 2025 03:55:17 GMT
Keep-Alive=timeout=60
Connection=keep-alive
{
    "token": "eyJhbGciOiJIUzI1NiJ9.eyJzdWIiOiJ1ZGF5MTIzNCIsImlhdCI6MTc0MDg4NzcxNywiZXhwIjoxNzQwODkxMzE3fQ.5qIBqvz11xs9KLpYcNtsr5LAlmeC9LfhOOhGiaLMXe8",
    "type": "Bearer",
    "id": 1,
    "username": "uday1234",
    "email": "disha1234@gmail.com",
    "roles": [
        "ROLE_USER"
    ]
}
eyJhbGciOiJIUzI1NiJ9.eyJzdWIiOiJ1ZGF5MTIzNCIsImlhdCI6MTc0MDg4NzcxNywiZXhwIjoxNzQwODkxMzE3fQ.5qIBqvz11xs9KLpYcNtsr5LAlmeC9LfhOOhGiaLMXe8
]]></system-out>
    <system-err><![CDATA[SLF4J: Failed to load class "org.slf4j.impl.StaticLoggerBinder".
SLF4J: Defaulting to no-operation (NOP) logger implementation
SLF4J: See http://www.slf4j.org/codes.html#StaticLoggerBinder for further details.
]]></system-err>
  </testcase>
</testsuite>