<?xml version="1.0" encoding="UTF-8"?>
<testng-results ignored="0" total="1" passed="1" failed="0" skipped="0">
  <reporter-output>
  </reporter-output>
  <suite started-at="2025-03-02T09:25:14 IST" name="API Test Suite" finished-at="2025-03-02T09:25:16 IST" duration-ms="2104">
    <groups>
    </groups>
    <test started-at="2025-03-02T09:25:14 IST" name="API Test" finished-at="2025-03-02T09:25:16 IST" duration-ms="2104">
      <class name="com.api.test.LoginAPITestMuchBetter">
        <test-method signature="loginTest()[pri:0, instance:com.api.test.LoginAPITestMuchBetter@7205765b]" started-at="2025-03-02T09:25:14 IST" name="loginTest" description="Verify if Login API is working" finished-at="2025-03-02T09:25:16 IST" duration-ms="1972" status="PASS">
          <reporter-output>
          </reporter-output>
        </test-method> <!-- loginTest -->
      </class> <!-- com.api.test.LoginAPITestMuchBetter -->
    </test> <!-- API Test -->
  </suite> <!-- API Test Suite -->
</testng-results>
