<?xml version="1.0" encoding="UTF-8"?>
<testng-results ignored="0" total="1" passed="1" failed="0" skipped="0">
  <reporter-output>
  </reporter-output>
  <suite started-at="2025-03-02T00:16:42 IST" name="Default suite" finished-at="2025-03-02T00:16:43 IST" duration-ms="1664">
    <groups>
    </groups>
    <test started-at="2025-03-02T00:16:42 IST" name="Default test" finished-at="2025-03-02T00:16:43 IST" duration-ms="1664">
      <class name="com.api.test.LoginAPITestMuchBetter">
        <test-method signature="loginTest()[pri:0, instance:com.api.test.LoginAPITestMuchBetter@1e0b4072]" started-at="2025-03-02T00:16:42 IST" name="loginTest" description="Verify if Login API is working" finished-at="2025-03-02T00:16:43 IST" duration-ms="1623" status="PASS">
          <reporter-output>
          </reporter-output>
        </test-method> <!-- loginTest -->
      </class> <!-- com.api.test.LoginAPITestMuchBetter -->
    </test> <!-- Default test -->
  </suite> <!-- Default suite -->
</testng-results>
